<?xml version="1.0" encoding="UTF-8"?>
<testng-results ignored="0" total="2" passed="1" failed="1" skipped="0">
  <reporter-output>
  </reporter-output>
  <suite started-at="2023-11-25T00:49:40 EET" name="Default suite" finished-at="2023-11-25T00:49:51 EET" duration-ms="10922">
    <groups>
    </groups>
    <test started-at="2023-11-25T00:49:40 EET" name="Default test" finished-at="2023-11-25T00:49:51 EET" duration-ms="10922">
      <class name="almosafer.MyTestcase">
        <test-method is-config="true" signature="myBefore()[pri:0, instance:almosafer.MyTestcase@560513ce]" started-at="2023-11-25T00:49:40 EET" name="myBefore" finished-at="2023-11-25T00:49:49 EET" duration-ms="8761" status="PASS">
          <reporter-output>
          </reporter-output>
        </test-method> <!-- myBefore -->
        <test-method signature="checktheLangusge()[pri:0, instance:almosafer.MyTestcase@560513ce]" started-at="2023-11-25T00:49:49 EET" name="checktheLangusge" finished-at="2023-11-25T00:49:50 EET" duration-ms="688" status="PASS">
          <reporter-output>
          </reporter-output>
        </test-method> <!-- checktheLangusge -->
        <test-method signature="currency()[pri:0, instance:almosafer.MyTestcase@560513ce]" started-at="2023-11-25T00:49:50 EET" name="currency" finished-at="2023-11-25T00:49:51 EET" duration-ms="1366" status="FAIL">
          <exception class="java.lang.AssertionError">
            <message>
              <![CDATA[expected [SAR] but found []]]>
            </message>
            <full-stacktrace>
              <![CDATA[java.lang.AssertionError: expected [SAR] but found []
at org.testng.Assert.fail(Assert.java:99)
at org.testng.Assert.failNotEquals(Assert.java:1037)
at org.testng.Assert.assertEqualsImpl(Assert.java:140)
at org.testng.Assert.assertEquals(Assert.java:122)
at org.testng.Assert.assertEquals(Assert.java:629)
at org.testng.Assert.assertEquals(Assert.java:639)
at almosafer.MyTestcase.currency(MyTestcase.java:34)
at java.base/jdk.internal.reflect.NativeMethodAccessorImpl.invoke0(Native Method)
at java.base/jdk.internal.reflect.NativeMethodAccessorImpl.invoke(NativeMethodAccessorImpl.java:77)
at java.base/jdk.internal.reflect.DelegatingMethodAccessorImpl.invoke(DelegatingMethodAccessorImpl.java:43)
at java.base/java.lang.reflect.Method.invoke(Method.java:568)
at org.testng.internal.MethodInvocationHelper.invokeMethod(MethodInvocationHelper.java:133)
at org.testng.internal.TestInvoker.invokeMethod(TestInvoker.java:598)
at org.testng.internal.TestInvoker.invokeTestMethod(TestInvoker.java:173)
at org.testng.internal.MethodRunner.runInSequence(MethodRunner.java:46)
at org.testng.internal.TestInvoker$MethodInvocationAgent.invoke(TestInvoker.java:824)
at org.testng.internal.TestInvoker.invokeTestMethods(TestInvoker.java:146)
at org.testng.internal.TestMethodWorker.invokeTestMethods(TestMethodWorker.java:146)
at org.testng.internal.TestMethodWorker.run(TestMethodWorker.java:128)
at java.base/java.util.ArrayList.forEach(ArrayList.java:1511)
at org.testng.TestRunner.privateRun(TestRunner.java:794)
at org.testng.TestRunner.run(TestRunner.java:596)
at org.testng.SuiteRunner.runTest(SuiteRunner.java:377)
at org.testng.SuiteRunner.runSequentially(SuiteRunner.java:371)
at org.testng.SuiteRunner.privateRun(SuiteRunner.java:332)
at org.testng.SuiteRunner.run(SuiteRunner.java:276)
at org.testng.SuiteRunnerWorker.runSuite(SuiteRunnerWorker.java:53)
at org.testng.SuiteRunnerWorker.run(SuiteRunnerWorker.java:96)
at org.testng.TestNG.runSuitesSequentially(TestNG.java:1212)
at org.testng.TestNG.runSuitesLocally(TestNG.java:1134)
at org.testng.TestNG.runSuites(TestNG.java:1063)
at org.testng.TestNG.run(TestNG.java:1031)
at org.testng.remote.AbstractRemoteTestNG.run(AbstractRemoteTestNG.java:115)
at org.testng.remote.RemoteTestNG.initAndRun(RemoteTestNG.java:251)
at org.testng.remote.RemoteTestNG.main(RemoteTestNG.java:77)
]]>
            </full-stacktrace>
          </exception> <!-- java.lang.AssertionError -->
          <reporter-output>
          </reporter-output>
        </test-method> <!-- currency -->
        <test-method is-config="true" signature="myafterTest()[pri:0, instance:almosafer.MyTestcase@560513ce]" started-at="2023-11-25T00:49:51 EET" name="myafterTest" finished-at="2023-11-25T00:49:51 EET" duration-ms="1" status="PASS">
          <reporter-output>
          </reporter-output>
        </test-method> <!-- myafterTest -->
      </class> <!-- almosafer.MyTestcase -->
    </test> <!-- Default test -->
  </suite> <!-- Default suite -->
</testng-results>
